2025-07-15 13:18:08,256 - INFO - ================================================================================
2025-07-15 13:18:08,257 - INFO - ISMIR 2025 모든 98개 논문 완벽 처리 시작
2025-07-15 13:18:08,257 - INFO - ================================================================================
2025-07-15 13:18:08,258 - INFO - 📁 파일 읽는 중: AcceptedPaper.csv
2025-07-15 13:18:08,267 - INFO - ✓ 총 98개의 논문 데이터를 읽었습니다.
2025-07-15 13:18:08,268 - INFO - 🔧 모든 98개 논문 처리 중...
2025-07-15 13:18:08,269 - INFO - ✓ ID 4: 하드코딩된 완벽한 저자명 사용
2025-07-15 13:18:08,270 - INFO - ✓ ID 4 처리 완료: 2명의 저자
2025-07-15 13:18:08,271 - INFO - ✓ ID 7: 하드코딩된 완벽한 저자명 사용
2025-07-15 13:18:08,271 - INFO - ✓ ID 7 처리 완료: 3명의 저자
2025-07-15 13:18:08,272 - INFO - ✓ ID 10: 하드코딩된 완벽한 저자명 사용
2025-07-15 13:18:08,272 - INFO - ✓ ID 10 처리 완료: 4명의 저자
2025-07-15 13:18:08,273 - INFO - ✓ ID 14: 하드코딩된 완벽한 저자명 사용
2025-07-15 13:18:08,273 - INFO - ✓ ID 14 처리 완료: 5명의 저자
2025-07-15 13:18:08,274 - INFO - ✓ ID 25: 하드코딩된 완벽한 저자명 사용
2025-07-15 13:18:08,274 - INFO - ✓ ID 25 처리 완료: 5명의 저자
2025-07-15 13:18:08,275 - INFO - ✓ ID 26: 하드코딩된 완벽한 저자명 사용
2025-07-15 13:18:08,276 - INFO - ✓ ID 26 처리 완료: 8명의 저자
2025-07-15 13:18:08,277 - INFO - ✓ ID 32: 하드코딩된 완벽한 저자명 사용
2025-07-15 13:18:08,277 - INFO - ✓ ID 32 처리 완료: 5명의 저자
2025-07-15 13:18:08,278 - INFO - ✓ ID 33: 하드코딩된 완벽한 저자명 사용
2025-07-15 13:18:08,279 - INFO - ✓ ID 33 처리 완료: 5명의 저자
2025-07-15 13:18:08,279 - INFO - ✓ ID 38: 하드코딩된 완벽한 저자명 사용
2025-07-15 13:18:08,280 - INFO - ✓ ID 38 처리 완료: 8명의 저자
2025-07-15 13:18:08,280 - INFO - ✓ ID 46: 하드코딩된 완벽한 저자명 사용
2025-07-15 13:18:08,281 - INFO - ✓ ID 46 처리 완료: 3명의 저자
2025-07-15 13:18:08,281 - INFO - ✓ ID 47: 하드코딩된 완벽한 저자명 사용
2025-07-15 13:18:08,282 - INFO - ✓ ID 47 처리 완료: 4명의 저자
2025-07-15 13:18:08,282 - INFO - ✓ ID 48: 하드코딩된 완벽한 저자명 사용
2025-07-15 13:18:08,283 - INFO - ✓ ID 48 처리 완료: 3명의 저자
2025-07-15 13:18:08,286 - INFO - ✓ ID 50: 하드코딩된 완벽한 저자명 사용
2025-07-15 13:18:08,286 - INFO - ✓ ID 50 처리 완료: 1명의 저자
2025-07-15 13:18:08,287 - INFO - ✓ ID 53: 하드코딩된 완벽한 저자명 사용
2025-07-15 13:18:08,287 - INFO - ✓ ID 53 처리 완료: 2명의 저자
2025-07-15 13:18:08,288 - INFO - ✓ ID 59: 하드코딩된 완벽한 저자명 사용
2025-07-15 13:18:08,289 - INFO - ✓ ID 59 처리 완료: 6명의 저자
2025-07-15 13:18:08,289 - INFO - ✓ ID 64: 하드코딩된 완벽한 저자명 사용
2025-07-15 13:18:08,290 - INFO - ✓ ID 64 처리 완료: 10명의 저자
2025-07-15 13:18:08,291 - INFO - ✓ ID 66: 하드코딩된 완벽한 저자명 사용
2025-07-15 13:18:08,291 - INFO - ✓ ID 66 처리 완료: 2명의 저자
2025-07-15 13:18:08,292 - INFO - ✓ ID 67: 하드코딩된 완벽한 저자명 사용
2025-07-15 13:18:08,292 - INFO - ✓ ID 67 처리 완료: 3명의 저자
2025-07-15 13:18:08,293 - INFO - ✓ ID 70: 하드코딩된 완벽한 저자명 사용
2025-07-15 13:18:08,294 - INFO - ✓ ID 70 처리 완료: 7명의 저자
2025-07-15 13:18:08,295 - INFO - ✓ ID 74: 하드코딩된 완벽한 저자명 사용
2025-07-15 13:18:08,295 - INFO - ✓ ID 74 처리 완료: 5명의 저자
2025-07-15 13:18:08,296 - INFO - ✓ ID 75: 하드코딩된 완벽한 저자명 사용
2025-07-15 13:18:08,296 - INFO - ✓ ID 75 처리 완료: 3명의 저자
2025-07-15 13:18:08,297 - INFO - 🔄 ID 77: PDF_Author가 없어 CMT_Author 사용
2025-07-15 13:18:08,297 - INFO - ✓ ID 77: 하드코딩된 완벽한 저자명 사용
2025-07-15 13:18:08,298 - INFO - ✓ ID 77 처리 완료: 7명의 저자
2025-07-15 13:18:08,298 - INFO - ✓ ID 79: 하드코딩된 완벽한 저자명 사용
2025-07-15 13:18:08,299 - INFO - ✓ ID 79 처리 완료: 2명의 저자
2025-07-15 13:18:08,299 - INFO - ✓ ID 87: 하드코딩된 완벽한 저자명 사용
2025-07-15 13:18:08,300 - INFO - ✓ ID 87 처리 완료: 7명의 저자
2025-07-15 13:18:08,300 - INFO - ✓ ID 88: 하드코딩된 완벽한 저자명 사용
2025-07-15 13:18:08,301 - INFO - ✓ ID 88 처리 완료: 3명의 저자
2025-07-15 13:18:08,301 - INFO - ✓ ID 89: 하드코딩된 완벽한 저자명 사용
2025-07-15 13:18:08,302 - INFO - ✓ ID 89 처리 완료: 3명의 저자
2025-07-15 13:18:08,304 - INFO - ✓ ID 92: 하드코딩된 완벽한 저자명 사용
2025-07-15 13:18:08,305 - INFO - ✓ ID 92 처리 완료: 4명의 저자
2025-07-15 13:18:08,307 - INFO - ✓ ID 101: 하드코딩된 완벽한 저자명 사용
2025-07-15 13:18:08,308 - INFO - ✓ ID 101 처리 완료: 4명의 저자
2025-07-15 13:18:08,308 - INFO - ✓ ID 103: 하드코딩된 완벽한 저자명 사용
2025-07-15 13:18:08,308 - INFO - ✓ ID 103 처리 완료: 5명의 저자
2025-07-15 13:18:08,309 - INFO - ✓ ID 105: 하드코딩된 완벽한 저자명 사용
2025-07-15 13:18:08,309 - INFO - ✓ ID 105 처리 완료: 3명의 저자
2025-07-15 13:18:08,310 - INFO - ✓ ID 111: 하드코딩된 완벽한 저자명 사용
2025-07-15 13:18:08,310 - INFO - ✓ ID 111 처리 완료: 5명의 저자
2025-07-15 13:18:08,311 - INFO - ✓ ID 112: 하드코딩된 완벽한 저자명 사용
2025-07-15 13:18:08,311 - INFO - ✓ ID 112 처리 완료: 3명의 저자
2025-07-15 13:18:08,312 - INFO - ✓ ID 113: 하드코딩된 완벽한 저자명 사용
2025-07-15 13:18:08,312 - INFO - ✓ ID 113 처리 완료: 6명의 저자
2025-07-15 13:18:08,313 - INFO - ✓ ID 116: 하드코딩된 완벽한 저자명 사용
2025-07-15 13:18:08,313 - INFO - ✓ ID 116 처리 완료: 6명의 저자
2025-07-15 13:18:08,314 - INFO - ✓ ID 122: 하드코딩된 완벽한 저자명 사용
2025-07-15 13:18:08,314 - INFO - ✓ ID 122 처리 완료: 3명의 저자
2025-07-15 13:18:08,315 - INFO - ✓ ID 125: 하드코딩된 완벽한 저자명 사용
2025-07-15 13:18:08,315 - INFO - ✓ ID 125 처리 완료: 5명의 저자
2025-07-15 13:18:08,316 - INFO - ✓ ID 127: 하드코딩된 완벽한 저자명 사용
2025-07-15 13:18:08,317 - INFO - ✓ ID 127 처리 완료: 8명의 저자
2025-07-15 13:18:08,317 - INFO - ✓ ID 128: 하드코딩된 완벽한 저자명 사용
2025-07-15 13:18:08,318 - INFO - ✓ ID 128 처리 완료: 6명의 저자
2025-07-15 13:18:08,318 - INFO - ✓ ID 129: 하드코딩된 완벽한 저자명 사용
2025-07-15 13:18:08,319 - INFO - ✓ ID 129 처리 완료: 4명의 저자
2025-07-15 13:18:08,319 - INFO - ✓ ID 130: 하드코딩된 완벽한 저자명 사용
2025-07-15 13:18:08,320 - INFO - ✓ ID 130 처리 완료: 4명의 저자
2025-07-15 13:18:08,321 - INFO - ✓ ID 133: 하드코딩된 완벽한 저자명 사용
2025-07-15 13:18:08,321 - INFO - ✓ ID 133 처리 완료: 3명의 저자
2025-07-15 13:18:08,321 - INFO - ✓ ID 135: 하드코딩된 완벽한 저자명 사용
2025-07-15 13:18:08,323 - INFO - ✓ ID 135 처리 완료: 3명의 저자
2025-07-15 13:18:08,323 - INFO - ✓ ID 137: 하드코딩된 완벽한 저자명 사용
2025-07-15 13:18:08,324 - INFO - ✓ ID 137 처리 완료: 3명의 저자
2025-07-15 13:18:08,324 - INFO - ✓ ID 138: 하드코딩된 완벽한 저자명 사용
2025-07-15 13:18:08,325 - INFO - ✓ ID 138 처리 완료: 3명의 저자
2025-07-15 13:18:08,325 - INFO - ✓ ID 140: 하드코딩된 완벽한 저자명 사용
2025-07-15 13:18:08,325 - INFO - ✓ ID 140 처리 완료: 2명의 저자
2025-07-15 13:18:08,326 - INFO - ✓ ID 141: 하드코딩된 완벽한 저자명 사용
2025-07-15 13:18:08,326 - INFO - ✓ ID 141 처리 완료: 3명의 저자
2025-07-15 13:18:08,327 - INFO - ✓ ID 147: 하드코딩된 완벽한 저자명 사용
2025-07-15 13:18:08,328 - INFO - ✓ ID 147 처리 완료: 3명의 저자
2025-07-15 13:18:08,328 - INFO - ✓ ID 148: 하드코딩된 완벽한 저자명 사용
2025-07-15 13:18:08,329 - INFO - ✓ ID 148 처리 완료: 6명의 저자
2025-07-15 13:18:08,329 - INFO - ✓ ID 150: 하드코딩된 완벽한 저자명 사용
2025-07-15 13:18:08,330 - INFO - ✓ ID 150 처리 완료: 4명의 저자
2025-07-15 13:18:08,330 - INFO - ✓ ID 159: 하드코딩된 완벽한 저자명 사용
2025-07-15 13:18:08,330 - INFO - ✓ ID 159 처리 완료: 6명의 저자
2025-07-15 13:18:08,331 - INFO - ✓ ID 163: 하드코딩된 완벽한 저자명 사용
2025-07-15 13:18:08,331 - INFO - ✓ ID 163 처리 완료: 3명의 저자
2025-07-15 13:18:08,332 - INFO - ✓ ID 167: 하드코딩된 완벽한 저자명 사용
2025-07-15 13:18:08,332 - INFO - ✓ ID 167 처리 완료: 2명의 저자
2025-07-15 13:18:08,332 - INFO - ✓ ID 177: 하드코딩된 완벽한 저자명 사용
2025-07-15 13:18:08,332 - INFO - ✓ ID 177 처리 완료: 5명의 저자
2025-07-15 13:18:08,333 - INFO - ✓ ID 186: 하드코딩된 완벽한 저자명 사용
2025-07-15 13:18:08,333 - INFO - ✓ ID 186 처리 완료: 7명의 저자
2025-07-15 13:18:08,334 - INFO - ✓ ID 188: 하드코딩된 완벽한 저자명 사용
2025-07-15 13:18:08,334 - INFO - ✓ ID 188 처리 완료: 5명의 저자
2025-07-15 13:18:08,335 - INFO - ✓ ID 191: 하드코딩된 완벽한 저자명 사용
2025-07-15 13:18:08,335 - INFO - ✓ ID 191 처리 완료: 3명의 저자
2025-07-15 13:18:08,336 - INFO - ✓ ID 199: 하드코딩된 완벽한 저자명 사용
2025-07-15 13:18:08,336 - INFO - ✓ ID 199 처리 완료: 3명의 저자
2025-07-15 13:18:08,337 - INFO - ✓ ID 208: 하드코딩된 완벽한 저자명 사용
2025-07-15 13:18:08,337 - INFO - ✓ ID 208 처리 완료: 6명의 저자
2025-07-15 13:18:08,338 - INFO - ✓ ID 210: 하드코딩된 완벽한 저자명 사용
2025-07-15 13:18:08,338 - INFO - ✓ ID 210 처리 완료: 3명의 저자
2025-07-15 13:18:08,339 - INFO - ✓ ID 211: 하드코딩된 완벽한 저자명 사용
2025-07-15 13:18:08,339 - INFO - ✓ ID 211 처리 완료: 1명의 저자
2025-07-15 13:18:08,340 - INFO - ✓ ID 212: 하드코딩된 완벽한 저자명 사용
2025-07-15 13:18:08,341 - INFO - ✓ ID 212 처리 완료: 5명의 저자
2025-07-15 13:18:08,341 - INFO - ✓ ID 213: 하드코딩된 완벽한 저자명 사용
2025-07-15 13:18:08,342 - INFO - ✓ ID 213 처리 완료: 3명의 저자
2025-07-15 13:18:08,343 - INFO - ✓ ID 216: 하드코딩된 완벽한 저자명 사용
2025-07-15 13:18:08,343 - INFO - ✓ ID 216 처리 완료: 5명의 저자
2025-07-15 13:18:08,343 - INFO - ✓ ID 219: 하드코딩된 완벽한 저자명 사용
2025-07-15 13:18:08,344 - INFO - ✓ ID 219 처리 완료: 5명의 저자
2025-07-15 13:18:08,344 - INFO - ✓ ID 220: 하드코딩된 완벽한 저자명 사용
2025-07-15 13:18:08,345 - INFO - ✓ ID 220 처리 완료: 3명의 저자
2025-07-15 13:18:08,345 - INFO - ✓ ID 221: 하드코딩된 완벽한 저자명 사용
2025-07-15 13:18:08,346 - INFO - ✓ ID 221 처리 완료: 5명의 저자
2025-07-15 13:18:08,346 - INFO - ✓ ID 227: 하드코딩된 완벽한 저자명 사용
2025-07-15 13:18:08,346 - INFO - ✓ ID 227 처리 완료: 2명의 저자
2025-07-15 13:18:08,347 - INFO - ✓ ID 229: 하드코딩된 완벽한 저자명 사용
2025-07-15 13:18:08,347 - INFO - ✓ ID 229 처리 완료: 4명의 저자
2025-07-15 13:18:08,348 - INFO - ✓ ID 233: 하드코딩된 완벽한 저자명 사용
2025-07-15 13:18:08,348 - INFO - ✓ ID 233 처리 완료: 4명의 저자
2025-07-15 13:18:08,349 - INFO - ✓ ID 238: 하드코딩된 완벽한 저자명 사용
2025-07-15 13:18:08,349 - INFO - ✓ ID 238 처리 완료: 4명의 저자
2025-07-15 13:18:08,350 - INFO - ✓ ID 244: 하드코딩된 완벽한 저자명 사용
2025-07-15 13:18:08,350 - INFO - ✓ ID 244 처리 완료: 3명의 저자
2025-07-15 13:18:08,351 - INFO - ✓ ID 245: 하드코딩된 완벽한 저자명 사용
2025-07-15 13:18:08,351 - INFO - ✓ ID 245 처리 완료: 6명의 저자
2025-07-15 13:18:08,352 - INFO - ✓ ID 246: 하드코딩된 완벽한 저자명 사용
2025-07-15 13:18:08,352 - INFO - ✓ ID 246 처리 완료: 5명의 저자
2025-07-15 13:18:08,353 - INFO - ✓ ID 247: 하드코딩된 완벽한 저자명 사용
2025-07-15 13:18:08,353 - INFO - ✓ ID 247 처리 완료: 3명의 저자
2025-07-15 13:18:08,354 - INFO - ✓ ID 248: 하드코딩된 완벽한 저자명 사용
2025-07-15 13:18:08,354 - INFO - ✓ ID 248 처리 완료: 5명의 저자
2025-07-15 13:18:08,355 - INFO - ✓ ID 256: 하드코딩된 완벽한 저자명 사용
2025-07-15 13:18:08,355 - INFO - ✓ ID 256 처리 완료: 4명의 저자
2025-07-15 13:18:08,356 - INFO - ✓ ID 259: 하드코딩된 완벽한 저자명 사용
2025-07-15 13:18:08,356 - INFO - ✓ ID 259 처리 완료: 2명의 저자
2025-07-15 13:18:08,356 - INFO - ✓ ID 261: 하드코딩된 완벽한 저자명 사용
2025-07-15 13:18:08,357 - INFO - ✓ ID 261 처리 완료: 2명의 저자
2025-07-15 13:18:08,357 - INFO - ✓ ID 264: 하드코딩된 완벽한 저자명 사용
2025-07-15 13:18:08,357 - INFO - ✓ ID 264 처리 완료: 1명의 저자
2025-07-15 13:18:08,358 - INFO - ✓ ID 266: 하드코딩된 완벽한 저자명 사용
2025-07-15 13:18:08,358 - INFO - ✓ ID 266 처리 완료: 4명의 저자
2025-07-15 13:18:08,358 - INFO - ✓ ID 268: 하드코딩된 완벽한 저자명 사용
2025-07-15 13:18:08,359 - INFO - ✓ ID 268 처리 완료: 3명의 저자
2025-07-15 13:18:08,359 - INFO - ✓ ID 269: 하드코딩된 완벽한 저자명 사용
2025-07-15 13:18:08,359 - INFO - ✓ ID 269 처리 완료: 6명의 저자
2025-07-15 13:18:08,360 - INFO - ✓ ID 274: 하드코딩된 완벽한 저자명 사용
2025-07-15 13:18:08,360 - INFO - ✓ ID 274 처리 완료: 5명의 저자
2025-07-15 13:18:08,361 - INFO - ✓ ID 278: 하드코딩된 완벽한 저자명 사용
2025-07-15 13:18:08,361 - INFO - ✓ ID 278 처리 완료: 2명의 저자
2025-07-15 13:18:08,362 - INFO - ✓ ID 280: 하드코딩된 완벽한 저자명 사용
2025-07-15 13:18:08,362 - INFO - ✓ ID 280 처리 완료: 3명의 저자
2025-07-15 13:18:08,363 - INFO - ✓ ID 281: 하드코딩된 완벽한 저자명 사용
2025-07-15 13:18:08,363 - INFO - ✓ ID 281 처리 완료: 3명의 저자
2025-07-15 13:18:08,363 - INFO - ✓ ID 283: 하드코딩된 완벽한 저자명 사용
2025-07-15 13:18:08,364 - INFO - ✓ ID 283 처리 완료: 3명의 저자
2025-07-15 13:18:08,364 - INFO - ✓ ID 284: 하드코딩된 완벽한 저자명 사용
2025-07-15 13:18:08,364 - INFO - ✓ ID 284 처리 완료: 2명의 저자
2025-07-15 13:18:08,365 - INFO - ✓ ID 286: 하드코딩된 완벽한 저자명 사용
2025-07-15 13:18:08,366 - INFO - ✓ ID 286 처리 완료: 8명의 저자
2025-07-15 13:18:08,366 - WARNING - ⚠️ ID 293: 하드코딩되지 않은 논문 - 기본 알고리즘 적용
2025-07-15 13:18:08,367 - INFO - ✓ ID 293 처리 완료: 1명의 저자
2025-07-15 13:18:08,368 - INFO - ✓ ID 298: 하드코딩된 완벽한 저자명 사용
2025-07-15 13:18:08,368 - INFO - ✓ ID 298 처리 완료: 2명의 저자
2025-07-15 13:18:08,369 - INFO - ✓ ID 300: 하드코딩된 완벽한 저자명 사용
2025-07-15 13:18:08,369 - INFO - ✓ ID 300 처리 완료: 3명의 저자
2025-07-15 13:18:08,369 - INFO - ✓ ID 308: 하드코딩된 완벽한 저자명 사용
2025-07-15 13:18:08,370 - INFO - ✓ ID 308 처리 완료: 5명의 저자
2025-07-15 13:18:08,370 - INFO - ✓ ID 312: 하드코딩된 완벽한 저자명 사용
2025-07-15 13:18:08,371 - INFO - ✓ ID 312 처리 완료: 4명의 저자
2025-07-15 13:18:08,371 - INFO - ✓ ID 314: 하드코딩된 완벽한 저자명 사용
2025-07-15 13:18:08,372 - INFO - ✓ ID 314 처리 완료: 8명의 저자
2025-07-15 13:18:08,372 - INFO - ✓ ID 316: 하드코딩된 완벽한 저자명 사용
2025-07-15 13:18:08,373 - INFO - ✓ ID 316 처리 완료: 7명의 저자
2025-07-15 13:18:08,374 - INFO - ✓ ID 321: 하드코딩된 완벽한 저자명 사용
2025-07-15 13:18:08,374 - INFO - ✓ ID 321 처리 완료: 7명의 저자
2025-07-15 13:18:08,375 - INFO - ✓ ID 339: 하드코딩된 완벽한 저자명 사용
2025-07-15 13:18:08,375 - INFO - ✓ ID 339 처리 완료: 4명의 저자
2025-07-15 13:18:08,375 - INFO - 💾 JSON 결과 저장 중: public/AcceptedPapers.json
2025-07-15 13:18:08,377 - INFO - ================================================================================
2025-07-15 13:18:08,377 - INFO - ✅ 모든 98개 논문 처리 완료!
2025-07-15 13:18:08,377 - INFO - 📊 총 98개의 논문이 처리되었습니다.
2025-07-15 13:18:08,378 - INFO - ================================================================================
2025-07-15 13:18:08,378 - INFO - 📋 새로 추가된 91-98번 논문 처리 결과:
2025-07-15 13:18:08,378 - INFO - 
[91] ID: 298
2025-07-15 13:18:08,378 - INFO -     제목: Improving Neural Pitch Estimation With SWIPE Kernels
2025-07-15 13:18:08,378 - INFO -     저자: David Marttila; Joshua D. Reiss
2025-07-15 13:18:08,379 - INFO -     저자 수: 2명
2025-07-15 13:18:08,379 - INFO - 
[92] ID: 300
2025-07-15 13:18:08,379 - INFO -     제목: Do Music Source Separation Models Preserve Spatial Information In Binaural Audio?
2025-07-15 13:18:08,379 - INFO -     저자: Richa Namballa; Agnieszka Roginska; Magdalena Fuentes
2025-07-15 13:18:08,379 - INFO -     저자 수: 3명
2025-07-15 13:18:08,379 - INFO - 
[93] ID: 308
2025-07-15 13:18:08,379 - INFO -     제목: Are You Really Listening? Boosting Perceptual Awareness In Music QA Benchmarks
2025-07-15 13:18:08,379 - INFO -     저자: Yongyi Zang; Sean O'brien; Taylor Berg Kirkpatrick; Julian Mcauley; Zachary Novack
2025-07-15 13:18:08,381 - INFO -     저자 수: 5명
2025-07-15 13:18:08,381 - INFO - 
[94] ID: 312
2025-07-15 13:18:08,381 - INFO -     제목: Refining Music Sample Identification With A Self Supervised Graph Neural Network
2025-07-15 13:18:08,381 - INFO -     저자: Aditya Bhattacharjee; Ivan Meresman Higgs; Mark Sandler; Emmanouil Benetos
2025-07-15 13:18:08,381 - INFO -     저자 수: 4명
2025-07-15 13:18:08,382 - INFO - 
[95] ID: 314
2025-07-15 13:18:08,382 - INFO -     제목: Aligning Text To Music Evaluation With Human Preferences
2025-07-15 13:18:08,382 - INFO -     저자: Yichen Huang; Zachary Novack; Koichi Saito; Jiatong Shi; Shinji Watanabe; Yuki Mitsufuji; John Thickstun; Chris Donahue
2025-07-15 13:18:08,382 - INFO -     저자 수: 8명
2025-07-15 13:18:08,382 - INFO - 
[96] ID: 316
2025-07-15 13:18:08,383 - INFO -     제목: The Rhythm In Anything: Audio Prompted Drums Generation With Masked Language Modeling
2025-07-15 13:18:08,384 - INFO -     저자: Patrick O'reilly; Julia Barnett; Hugo Flores Garcia; Annie Chu; Nathan Pruyne; Prem Seetharaman; Bryan Pardo
2025-07-15 13:18:08,384 - INFO -     저자 수: 7명
2025-07-15 13:18:08,384 - INFO - 
[97] ID: 321
2025-07-15 13:18:08,384 - INFO -     제목: The Jam Bot, A Real Time System For Collaborative Free Improvisation With Music Language Models
2025-07-15 13:18:08,385 - INFO -     저자: Lancelot Blanchard; Perry Naseck; Stephen Brade; Kimaya Lecamwasam; Jordan Rudess; Cheng Zhi Anna Huang; Joseph Paradiso
2025-07-15 13:18:08,385 - INFO -     저자 수: 7명
2025-07-15 13:18:08,385 - INFO - 
[98] ID: 339
2025-07-15 13:18:08,385 - INFO -     제목: Exploring System Adaptations For Minimum Latency Real Time Piano Transcription
2025-07-15 13:18:08,385 - INFO -     저자: Patricia Hu; Silvan David Peter; Jan Schlüter; Gerhard Widmer
2025-07-15 13:18:08,386 - INFO -     저자 수: 4명
2025-07-15 13:18:08,386 - INFO - 
================================================================================
2025-07-15 13:18:08,386 - INFO - 🔧 91-98번 논문 원본 vs 정리된 저자명 비교:
2025-07-15 13:18:08,387 - INFO - 
📄 ID 298:
2025-07-15 13:18:08,387 - INFO -    원본: David Marttila, Joshua D. Reiss / Centre for Digital Music, Queen Mary University of London / d.sudh...
2025-07-15 13:18:08,388 - INFO -    정리: David Marttila; Joshua D. Reiss
2025-07-15 13:18:08,388 - INFO -    저자 수: 2명
2025-07-15 13:18:08,388 - INFO - 
📄 ID 300:
2025-07-15 13:18:08,388 - INFO -    원본: Richa Namballa / New York University / rn2214@nyu.edu / Agnieszka Roginska / New York University / a...
2025-07-15 13:18:08,388 - INFO -    정리: Richa Namballa; Agnieszka Roginska; Magdalena Fuentes
2025-07-15 13:18:08,389 - INFO -    저자 수: 3명
2025-07-15 13:18:08,389 - INFO - 
📄 ID 308:
2025-07-15 13:18:08,389 - INFO -    원본: Yongyi Zang1 / Sean O’Brien2 / Taylor Berg-Kirkpatrick2 / Julian McAuley2 / Zachary Novack2 / 1Indep...
2025-07-15 13:18:08,389 - INFO -    정리: Yongyi Zang; Sean O'brien; Taylor Berg Kirkpatrick; Julian Mcauley; Zachary Novack
2025-07-15 13:18:08,390 - INFO -    저자 수: 5명
2025-07-15 13:18:08,390 - INFO - 
📄 ID 312:
2025-07-15 13:18:08,390 - INFO -    원본: Aditya Bhattacharjee1 / Ivan Meresman Higgs1 / Mark Sandler1 / Emmanouil Benetos1 / 1 Queen Mary Uni...
2025-07-15 13:18:08,390 - INFO -    정리: Aditya Bhattacharjee; Ivan Meresman Higgs; Mark Sandler; Emmanouil Benetos
2025-07-15 13:18:08,391 - INFO -    저자 수: 4명
2025-07-15 13:18:08,391 - INFO - 
📄 ID 314:
2025-07-15 13:18:08,391 - INFO -    원본: Yichen Huang1 / Zachary Novack2 / Koichi Saito3 / Jiatong Shi1 / Shinji Watanabe1 / Yuki Mitsufuji3 ...
2025-07-15 13:18:08,391 - INFO -    정리: Yichen Huang; Zachary Novack; Koichi Saito; Jiatong Shi; Shinji Watanabe; Yuki Mitsufuji; John Thickstun; Chris Donahue
2025-07-15 13:18:08,392 - INFO -    저자 수: 8명
2025-07-15 13:18:08,392 - INFO - 
📄 ID 316:
2025-07-15 13:18:08,392 - INFO -    원본: Patrick O’Reilly1 / Julia Barnett1 / Hugo Flores Garcia1 / Annie Chu1 / Nathan Pruyne1 / Prem Seetha...
2025-07-15 13:18:08,392 - INFO -    정리: Patrick O'reilly; Julia Barnett; Hugo Flores Garcia; Annie Chu; Nathan Pruyne; Prem Seetharaman; Bryan Pardo
2025-07-15 13:18:08,393 - INFO -    저자 수: 7명
2025-07-15 13:18:08,393 - INFO - 
📄 ID 321:
2025-07-15 13:18:08,393 - INFO -    원본: Lancelot Blanchard1,∗ / Perry Naseck1,∗ / Stephen Brade2 / Kimaya Lecamwasam1 / Jordan Rudess1,3,♯ /...
2025-07-15 13:18:08,393 - INFO -    정리: Lancelot Blanchard; Perry Naseck; Stephen Brade; Kimaya Lecamwasam; Jordan Rudess; Cheng Zhi Anna Huang; Joseph Paradiso
2025-07-15 13:18:08,394 - INFO -    저자 수: 7명
2025-07-15 13:18:08,394 - INFO - 
📄 ID 339:
2025-07-15 13:18:08,394 - INFO -    원본: Patricia Hu1 / Silvan David Peter1 / Jan Schlüter1 / Gerhard Widmer1,2 / 1 Institute of Computationa...
2025-07-15 13:18:08,394 - INFO -    정리: Patricia Hu; Silvan David Peter; Jan Schlüter; Gerhard Widmer
2025-07-15 13:18:08,395 - INFO -    저자 수: 4명
2025-07-15 13:18:08,395 - INFO - ================================================================================
2025-07-15 13:18:08,395 - INFO - 🎉 모든 98개 논문 처리가 성공적으로 완료되었습니다!
2025-07-15 13:18:08,395 - INFO - 📄 결과 파일: public/AcceptedPapers.json
2025-07-15 13:18:08,395 - INFO - 📊 총 처리된 논문: 98개
2025-07-15 13:18:08,396 - INFO - 📊 총 저자 수: 407명
2025-07-15 13:20:44,953 - INFO - ================================================================================
2025-07-15 13:20:44,953 - INFO - ISMIR 2025 모든 98개 논문 완벽 처리 시작
2025-07-15 13:20:44,953 - INFO - ================================================================================
2025-07-15 13:20:44,954 - INFO - 📁 파일 읽는 중: AcceptedPaper.csv
2025-07-15 13:20:44,958 - INFO - ✓ 총 98개의 논문 데이터를 읽었습니다.
2025-07-15 13:20:44,958 - INFO - 🔧 모든 98개 논문 처리 중...
2025-07-15 13:20:44,959 - INFO - ✓ ID 4: 하드코딩된 완벽한 저자명 사용
2025-07-15 13:20:44,959 - INFO - ✓ ID 4 처리 완료: 2명의 저자
2025-07-15 13:20:44,960 - INFO - ✓ ID 7: 하드코딩된 완벽한 저자명 사용
2025-07-15 13:20:44,960 - INFO - ✓ ID 7 처리 완료: 3명의 저자
2025-07-15 13:20:44,960 - INFO - ✓ ID 10: 하드코딩된 완벽한 저자명 사용
2025-07-15 13:20:44,960 - INFO - ✓ ID 10 처리 완료: 4명의 저자
2025-07-15 13:20:44,961 - INFO - ✓ ID 14: 하드코딩된 완벽한 저자명 사용
2025-07-15 13:20:44,961 - INFO - ✓ ID 14 처리 완료: 5명의 저자
2025-07-15 13:20:44,961 - INFO - ✓ ID 25: 하드코딩된 완벽한 저자명 사용
2025-07-15 13:20:44,962 - INFO - ✓ ID 25 처리 완료: 5명의 저자
2025-07-15 13:20:44,962 - INFO - ✓ ID 26: 하드코딩된 완벽한 저자명 사용
2025-07-15 13:20:44,962 - INFO - ✓ ID 26 처리 완료: 8명의 저자
2025-07-15 13:20:44,963 - INFO - ✓ ID 32: 하드코딩된 완벽한 저자명 사용
2025-07-15 13:20:44,963 - INFO - ✓ ID 32 처리 완료: 5명의 저자
2025-07-15 13:20:44,963 - INFO - ✓ ID 33: 하드코딩된 완벽한 저자명 사용
2025-07-15 13:20:44,964 - INFO - ✓ ID 33 처리 완료: 5명의 저자
2025-07-15 13:20:44,964 - INFO - ✓ ID 38: 하드코딩된 완벽한 저자명 사용
2025-07-15 13:20:44,964 - INFO - ✓ ID 38 처리 완료: 8명의 저자
2025-07-15 13:20:44,965 - INFO - ✓ ID 46: 하드코딩된 완벽한 저자명 사용
2025-07-15 13:20:44,965 - INFO - ✓ ID 46 처리 완료: 3명의 저자
2025-07-15 13:20:44,965 - INFO - ✓ ID 47: 하드코딩된 완벽한 저자명 사용
2025-07-15 13:20:44,966 - INFO - ✓ ID 47 처리 완료: 4명의 저자
2025-07-15 13:20:44,966 - INFO - ✓ ID 48: 하드코딩된 완벽한 저자명 사용
2025-07-15 13:20:44,966 - INFO - ✓ ID 48 처리 완료: 3명의 저자
2025-07-15 13:20:44,966 - INFO - ✓ ID 50: 하드코딩된 완벽한 저자명 사용
2025-07-15 13:20:44,967 - INFO - ✓ ID 50 처리 완료: 1명의 저자
2025-07-15 13:20:44,967 - INFO - ✓ ID 53: 하드코딩된 완벽한 저자명 사용
2025-07-15 13:20:44,967 - INFO - ✓ ID 53 처리 완료: 2명의 저자
2025-07-15 13:20:44,967 - INFO - ✓ ID 59: 하드코딩된 완벽한 저자명 사용
2025-07-15 13:20:44,968 - INFO - ✓ ID 59 처리 완료: 6명의 저자
2025-07-15 13:20:44,968 - INFO - ✓ ID 64: 하드코딩된 완벽한 저자명 사용
2025-07-15 13:20:44,968 - INFO - ✓ ID 64 처리 완료: 10명의 저자
2025-07-15 13:20:44,968 - INFO - ✓ ID 66: 하드코딩된 완벽한 저자명 사용
2025-07-15 13:20:44,969 - INFO - ✓ ID 66 처리 완료: 2명의 저자
2025-07-15 13:20:44,969 - INFO - ✓ ID 67: 하드코딩된 완벽한 저자명 사용
2025-07-15 13:20:44,969 - INFO - ✓ ID 67 처리 완료: 3명의 저자
2025-07-15 13:20:44,970 - INFO - ✓ ID 70: 하드코딩된 완벽한 저자명 사용
2025-07-15 13:20:44,970 - INFO - ✓ ID 70 처리 완료: 7명의 저자
2025-07-15 13:20:44,970 - INFO - ✓ ID 74: 하드코딩된 완벽한 저자명 사용
2025-07-15 13:20:44,970 - INFO - ✓ ID 74 처리 완료: 5명의 저자
2025-07-15 13:20:44,971 - INFO - ✓ ID 75: 하드코딩된 완벽한 저자명 사용
2025-07-15 13:20:44,971 - INFO - ✓ ID 75 처리 완료: 3명의 저자
2025-07-15 13:20:44,971 - INFO - 🔄 ID 77: PDF_Author가 없어 CMT_Author 사용
2025-07-15 13:20:44,971 - INFO - ✓ ID 77: 하드코딩된 완벽한 저자명 사용
2025-07-15 13:20:44,971 - INFO - ✓ ID 77 처리 완료: 7명의 저자
2025-07-15 13:20:44,972 - INFO - ✓ ID 79: 하드코딩된 완벽한 저자명 사용
2025-07-15 13:20:44,972 - INFO - ✓ ID 79 처리 완료: 2명의 저자
2025-07-15 13:20:44,972 - INFO - ✓ ID 87: 하드코딩된 완벽한 저자명 사용
2025-07-15 13:20:44,972 - INFO - ✓ ID 87 처리 완료: 7명의 저자
2025-07-15 13:20:44,972 - INFO - ✓ ID 88: 하드코딩된 완벽한 저자명 사용
2025-07-15 13:20:44,972 - INFO - ✓ ID 88 처리 완료: 3명의 저자
2025-07-15 13:20:44,972 - INFO - ✓ ID 89: 하드코딩된 완벽한 저자명 사용
2025-07-15 13:20:44,973 - INFO - ✓ ID 89 처리 완료: 3명의 저자
2025-07-15 13:20:44,973 - INFO - ✓ ID 92: 하드코딩된 완벽한 저자명 사용
2025-07-15 13:20:44,973 - INFO - ✓ ID 92 처리 완료: 4명의 저자
2025-07-15 13:20:44,973 - INFO - ✓ ID 101: 하드코딩된 완벽한 저자명 사용
2025-07-15 13:20:44,974 - INFO - ✓ ID 101 처리 완료: 4명의 저자
2025-07-15 13:20:44,974 - INFO - ✓ ID 103: 하드코딩된 완벽한 저자명 사용
2025-07-15 13:20:44,974 - INFO - ✓ ID 103 처리 완료: 5명의 저자
2025-07-15 13:20:44,974 - INFO - ✓ ID 105: 하드코딩된 완벽한 저자명 사용
2025-07-15 13:20:44,975 - INFO - ✓ ID 105 처리 완료: 3명의 저자
2025-07-15 13:20:44,975 - INFO - ✓ ID 111: 하드코딩된 완벽한 저자명 사용
2025-07-15 13:20:44,975 - INFO - ✓ ID 111 처리 완료: 5명의 저자
2025-07-15 13:20:44,975 - INFO - ✓ ID 112: 하드코딩된 완벽한 저자명 사용
2025-07-15 13:20:44,976 - INFO - ✓ ID 112 처리 완료: 3명의 저자
2025-07-15 13:20:44,976 - INFO - ✓ ID 113: 하드코딩된 완벽한 저자명 사용
2025-07-15 13:20:44,976 - INFO - ✓ ID 113 처리 완료: 6명의 저자
2025-07-15 13:20:44,976 - INFO - ✓ ID 116: 하드코딩된 완벽한 저자명 사용
2025-07-15 13:20:44,977 - INFO - ✓ ID 116 처리 완료: 6명의 저자
2025-07-15 13:20:44,977 - INFO - ✓ ID 122: 하드코딩된 완벽한 저자명 사용
2025-07-15 13:20:44,977 - INFO - ✓ ID 122 처리 완료: 3명의 저자
2025-07-15 13:20:44,977 - INFO - ✓ ID 125: 하드코딩된 완벽한 저자명 사용
2025-07-15 13:20:44,977 - INFO - ✓ ID 125 처리 완료: 5명의 저자
2025-07-15 13:20:44,978 - INFO - ✓ ID 127: 하드코딩된 완벽한 저자명 사용
2025-07-15 13:20:44,978 - INFO - ✓ ID 127 처리 완료: 8명의 저자
2025-07-15 13:20:44,978 - INFO - ✓ ID 128: 하드코딩된 완벽한 저자명 사용
2025-07-15 13:20:44,979 - INFO - ✓ ID 128 처리 완료: 6명의 저자
2025-07-15 13:20:44,979 - INFO - ✓ ID 129: 하드코딩된 완벽한 저자명 사용
2025-07-15 13:20:44,979 - INFO - ✓ ID 129 처리 완료: 4명의 저자
2025-07-15 13:20:44,979 - INFO - ✓ ID 130: 하드코딩된 완벽한 저자명 사용
2025-07-15 13:20:44,980 - INFO - ✓ ID 130 처리 완료: 4명의 저자
2025-07-15 13:20:44,980 - INFO - ✓ ID 133: 하드코딩된 완벽한 저자명 사용
2025-07-15 13:20:44,980 - INFO - ✓ ID 133 처리 완료: 3명의 저자
2025-07-15 13:20:44,980 - INFO - ✓ ID 135: 하드코딩된 완벽한 저자명 사용
2025-07-15 13:20:44,981 - INFO - ✓ ID 135 처리 완료: 3명의 저자
2025-07-15 13:20:44,981 - INFO - ✓ ID 137: 하드코딩된 완벽한 저자명 사용
2025-07-15 13:20:44,981 - INFO - ✓ ID 137 처리 완료: 3명의 저자
2025-07-15 13:20:44,981 - INFO - ✓ ID 138: 하드코딩된 완벽한 저자명 사용
2025-07-15 13:20:44,981 - INFO - ✓ ID 138 처리 완료: 3명의 저자
2025-07-15 13:20:44,982 - INFO - ✓ ID 140: 하드코딩된 완벽한 저자명 사용
2025-07-15 13:20:44,982 - INFO - ✓ ID 140 처리 완료: 2명의 저자
2025-07-15 13:20:44,982 - INFO - ✓ ID 141: 하드코딩된 완벽한 저자명 사용
2025-07-15 13:20:44,983 - INFO - ✓ ID 141 처리 완료: 3명의 저자
2025-07-15 13:20:44,983 - INFO - ✓ ID 147: 하드코딩된 완벽한 저자명 사용
2025-07-15 13:20:44,983 - INFO - ✓ ID 147 처리 완료: 3명의 저자
2025-07-15 13:20:44,983 - INFO - ✓ ID 148: 하드코딩된 완벽한 저자명 사용
2025-07-15 13:20:44,984 - INFO - ✓ ID 148 처리 완료: 6명의 저자
2025-07-15 13:20:44,984 - INFO - ✓ ID 150: 하드코딩된 완벽한 저자명 사용
2025-07-15 13:20:44,984 - INFO - ✓ ID 150 처리 완료: 4명의 저자
2025-07-15 13:20:44,984 - INFO - ✓ ID 159: 하드코딩된 완벽한 저자명 사용
2025-07-15 13:20:44,985 - INFO - ✓ ID 159 처리 완료: 6명의 저자
2025-07-15 13:20:44,985 - INFO - ✓ ID 163: 하드코딩된 완벽한 저자명 사용
2025-07-15 13:20:44,985 - INFO - ✓ ID 163 처리 완료: 3명의 저자
2025-07-15 13:20:44,985 - INFO - ✓ ID 167: 하드코딩된 완벽한 저자명 사용
2025-07-15 13:20:44,986 - INFO - ✓ ID 167 처리 완료: 2명의 저자
2025-07-15 13:20:44,986 - INFO - ✓ ID 177: 하드코딩된 완벽한 저자명 사용
2025-07-15 13:20:44,986 - INFO - ✓ ID 177 처리 완료: 5명의 저자
2025-07-15 13:20:44,987 - INFO - ✓ ID 186: 하드코딩된 완벽한 저자명 사용
2025-07-15 13:20:44,987 - INFO - ✓ ID 186 처리 완료: 7명의 저자
2025-07-15 13:20:44,987 - INFO - ✓ ID 188: 하드코딩된 완벽한 저자명 사용
2025-07-15 13:20:44,987 - INFO - ✓ ID 188 처리 완료: 5명의 저자
2025-07-15 13:20:44,988 - INFO - ✓ ID 191: 하드코딩된 완벽한 저자명 사용
2025-07-15 13:20:44,988 - INFO - ✓ ID 191 처리 완료: 3명의 저자
2025-07-15 13:20:44,988 - INFO - ✓ ID 199: 하드코딩된 완벽한 저자명 사용
2025-07-15 13:20:44,988 - INFO - ✓ ID 199 처리 완료: 3명의 저자
2025-07-15 13:20:44,989 - INFO - ✓ ID 208: 하드코딩된 완벽한 저자명 사용
2025-07-15 13:20:44,989 - INFO - ✓ ID 208 처리 완료: 6명의 저자
2025-07-15 13:20:44,989 - INFO - ✓ ID 210: 하드코딩된 완벽한 저자명 사용
2025-07-15 13:20:44,989 - INFO - ✓ ID 210 처리 완료: 3명의 저자
2025-07-15 13:20:44,990 - INFO - ✓ ID 211: 하드코딩된 완벽한 저자명 사용
2025-07-15 13:20:44,990 - INFO - ✓ ID 211 처리 완료: 1명의 저자
2025-07-15 13:20:44,990 - INFO - ✓ ID 212: 하드코딩된 완벽한 저자명 사용
2025-07-15 13:20:44,990 - INFO - ✓ ID 212 처리 완료: 5명의 저자
2025-07-15 13:20:44,990 - INFO - ✓ ID 213: 하드코딩된 완벽한 저자명 사용
2025-07-15 13:20:44,991 - INFO - ✓ ID 213 처리 완료: 3명의 저자
2025-07-15 13:20:44,991 - INFO - ✓ ID 216: 하드코딩된 완벽한 저자명 사용
2025-07-15 13:20:44,991 - INFO - ✓ ID 216 처리 완료: 5명의 저자
2025-07-15 13:20:44,991 - INFO - ✓ ID 219: 하드코딩된 완벽한 저자명 사용
2025-07-15 13:20:44,992 - INFO - ✓ ID 219 처리 완료: 5명의 저자
2025-07-15 13:20:44,992 - INFO - ✓ ID 220: 하드코딩된 완벽한 저자명 사용
2025-07-15 13:20:44,992 - INFO - ✓ ID 220 처리 완료: 3명의 저자
2025-07-15 13:20:44,992 - INFO - ✓ ID 221: 하드코딩된 완벽한 저자명 사용
2025-07-15 13:20:44,993 - INFO - ✓ ID 221 처리 완료: 5명의 저자
2025-07-15 13:20:44,993 - INFO - ✓ ID 227: 하드코딩된 완벽한 저자명 사용
2025-07-15 13:20:44,993 - INFO - ✓ ID 227 처리 완료: 2명의 저자
2025-07-15 13:20:44,993 - INFO - ✓ ID 229: 하드코딩된 완벽한 저자명 사용
2025-07-15 13:20:44,993 - INFO - ✓ ID 229 처리 완료: 4명의 저자
2025-07-15 13:20:44,994 - INFO - ✓ ID 233: 하드코딩된 완벽한 저자명 사용
2025-07-15 13:20:44,994 - INFO - ✓ ID 233 처리 완료: 4명의 저자
2025-07-15 13:20:44,994 - INFO - ✓ ID 238: 하드코딩된 완벽한 저자명 사용
2025-07-15 13:20:44,994 - INFO - ✓ ID 238 처리 완료: 4명의 저자
2025-07-15 13:20:44,995 - INFO - ✓ ID 244: 하드코딩된 완벽한 저자명 사용
2025-07-15 13:20:44,995 - INFO - ✓ ID 244 처리 완료: 3명의 저자
2025-07-15 13:20:44,995 - INFO - ✓ ID 245: 하드코딩된 완벽한 저자명 사용
2025-07-15 13:20:44,995 - INFO - ✓ ID 245 처리 완료: 6명의 저자
2025-07-15 13:20:44,996 - INFO - ✓ ID 246: 하드코딩된 완벽한 저자명 사용
2025-07-15 13:20:44,996 - INFO - ✓ ID 246 처리 완료: 5명의 저자
2025-07-15 13:20:44,996 - INFO - ✓ ID 247: 하드코딩된 완벽한 저자명 사용
2025-07-15 13:20:44,996 - INFO - ✓ ID 247 처리 완료: 3명의 저자
2025-07-15 13:20:44,997 - INFO - ✓ ID 248: 하드코딩된 완벽한 저자명 사용
2025-07-15 13:20:44,997 - INFO - ✓ ID 248 처리 완료: 5명의 저자
2025-07-15 13:20:44,997 - INFO - ✓ ID 256: 하드코딩된 완벽한 저자명 사용
2025-07-15 13:20:44,997 - INFO - ✓ ID 256 처리 완료: 4명의 저자
2025-07-15 13:20:44,998 - INFO - ✓ ID 259: 하드코딩된 완벽한 저자명 사용
2025-07-15 13:20:44,998 - INFO - ✓ ID 259 처리 완료: 2명의 저자
2025-07-15 13:20:44,998 - INFO - ✓ ID 261: 하드코딩된 완벽한 저자명 사용
2025-07-15 13:20:44,998 - INFO - ✓ ID 261 처리 완료: 2명의 저자
2025-07-15 13:20:44,998 - INFO - ✓ ID 264: 하드코딩된 완벽한 저자명 사용
2025-07-15 13:20:44,999 - INFO - ✓ ID 264 처리 완료: 1명의 저자
2025-07-15 13:20:44,999 - INFO - ✓ ID 266: 하드코딩된 완벽한 저자명 사용
2025-07-15 13:20:44,999 - INFO - ✓ ID 266 처리 완료: 4명의 저자
2025-07-15 13:20:44,999 - INFO - ✓ ID 268: 하드코딩된 완벽한 저자명 사용
2025-07-15 13:20:44,999 - INFO - ✓ ID 268 처리 완료: 3명의 저자
2025-07-15 13:20:45,000 - INFO - ✓ ID 269: 하드코딩된 완벽한 저자명 사용
2025-07-15 13:20:45,000 - INFO - ✓ ID 269 처리 완료: 6명의 저자
2025-07-15 13:20:45,000 - INFO - ✓ ID 274: 하드코딩된 완벽한 저자명 사용
2025-07-15 13:20:45,000 - INFO - ✓ ID 274 처리 완료: 5명의 저자
2025-07-15 13:20:45,001 - INFO - ✓ ID 278: 하드코딩된 완벽한 저자명 사용
2025-07-15 13:20:45,001 - INFO - ✓ ID 278 처리 완료: 2명의 저자
2025-07-15 13:20:45,001 - INFO - ✓ ID 280: 하드코딩된 완벽한 저자명 사용
2025-07-15 13:20:45,001 - INFO - ✓ ID 280 처리 완료: 3명의 저자
2025-07-15 13:20:45,002 - INFO - ✓ ID 281: 하드코딩된 완벽한 저자명 사용
2025-07-15 13:20:45,002 - INFO - ✓ ID 281 처리 완료: 3명의 저자
2025-07-15 13:20:45,002 - INFO - ✓ ID 283: 하드코딩된 완벽한 저자명 사용
2025-07-15 13:20:45,002 - INFO - ✓ ID 283 처리 완료: 3명의 저자
2025-07-15 13:20:45,002 - INFO - ✓ ID 284: 하드코딩된 완벽한 저자명 사용
2025-07-15 13:20:45,003 - INFO - ✓ ID 284 처리 완료: 2명의 저자
2025-07-15 13:20:45,003 - INFO - ✓ ID 286: 하드코딩된 완벽한 저자명 사용
2025-07-15 13:20:45,003 - INFO - ✓ ID 286 처리 완료: 8명의 저자
2025-07-15 13:20:45,003 - WARNING - ⚠️ ID 293: 하드코딩되지 않은 논문 - 기본 알고리즘 적용
2025-07-15 13:20:45,004 - INFO - ✓ ID 293 처리 완료: 1명의 저자
2025-07-15 13:20:45,004 - INFO - ✓ ID 298: 하드코딩된 완벽한 저자명 사용
2025-07-15 13:20:45,004 - INFO - ✓ ID 298 처리 완료: 2명의 저자
2025-07-15 13:20:45,005 - INFO - ✓ ID 300: 하드코딩된 완벽한 저자명 사용
2025-07-15 13:20:45,005 - INFO - ✓ ID 300 처리 완료: 3명의 저자
2025-07-15 13:20:45,005 - INFO - ✓ ID 308: 하드코딩된 완벽한 저자명 사용
2025-07-15 13:20:45,005 - INFO - ✓ ID 308 처리 완료: 5명의 저자
2025-07-15 13:20:45,006 - INFO - ✓ ID 312: 하드코딩된 완벽한 저자명 사용
2025-07-15 13:20:45,006 - INFO - ✓ ID 312 처리 완료: 4명의 저자
2025-07-15 13:20:45,007 - INFO - ✓ ID 314: 하드코딩된 완벽한 저자명 사용
2025-07-15 13:20:45,007 - INFO - ✓ ID 314 처리 완료: 8명의 저자
2025-07-15 13:20:45,007 - INFO - ✓ ID 316: 하드코딩된 완벽한 저자명 사용
2025-07-15 13:20:45,008 - INFO - ✓ ID 316 처리 완료: 7명의 저자
2025-07-15 13:20:45,008 - INFO - ✓ ID 321: 하드코딩된 완벽한 저자명 사용
2025-07-15 13:20:45,008 - INFO - ✓ ID 321 처리 완료: 7명의 저자
2025-07-15 13:20:45,008 - INFO - ✓ ID 339: 하드코딩된 완벽한 저자명 사용
2025-07-15 13:20:45,009 - INFO - ✓ ID 339 처리 완료: 4명의 저자
2025-07-15 13:20:45,009 - INFO - 💾 JSON 결과 저장 중: public/AcceptedPapers.json
2025-07-15 13:20:45,010 - INFO - ================================================================================
2025-07-15 13:20:45,011 - INFO - ✅ 모든 98개 논문 처리 완료!
2025-07-15 13:20:45,011 - INFO - 📊 총 98개의 논문이 처리되었습니다.
2025-07-15 13:20:45,011 - INFO - ================================================================================
2025-07-15 13:20:45,011 - INFO - 📋 새로 추가된 91-98번 논문 처리 결과:
2025-07-15 13:20:45,011 - INFO - 
[91] ID: 298
2025-07-15 13:20:45,011 - INFO -     제목: Improving Neural Pitch Estimation with SWIPE Kernels
2025-07-15 13:20:45,011 - INFO -     저자: David Marttila; Joshua D. Reiss
2025-07-15 13:20:45,012 - INFO -     저자 수: 2명
2025-07-15 13:20:45,012 - INFO - 
[92] ID: 300
2025-07-15 13:20:45,012 - INFO -     제목: Do Music Source Separation Models Preserve Spatial Information in Binaural Audio?
2025-07-15 13:20:45,012 - INFO -     저자: Richa Namballa; Agnieszka Roginska; Magdalena Fuentes
2025-07-15 13:20:45,012 - INFO -     저자 수: 3명
2025-07-15 13:20:45,012 - INFO - 
[93] ID: 308
2025-07-15 13:20:45,012 - INFO -     제목: Are You Really Listening? Boosting Perceptual Awareness in Music QA Benchmarks
2025-07-15 13:20:45,013 - INFO -     저자: Yongyi Zang; Sean O'brien; Taylor Berg Kirkpatrick; Julian Mcauley; Zachary Novack
2025-07-15 13:20:45,013 - INFO -     저자 수: 5명
2025-07-15 13:20:45,013 - INFO - 
[94] ID: 312
2025-07-15 13:20:45,013 - INFO -     제목: Refining Music Sample Identification with a Self Supervised Graph Neural Network
2025-07-15 13:20:45,013 - INFO -     저자: Aditya Bhattacharjee; Ivan Meresman Higgs; Mark Sandler; Emmanouil Benetos
2025-07-15 13:20:45,013 - INFO -     저자 수: 4명
2025-07-15 13:20:45,014 - INFO - 
[95] ID: 314
2025-07-15 13:20:45,014 - INFO -     제목: Aligning Text to Music Evaluation with Human Preferences
2025-07-15 13:20:45,014 - INFO -     저자: Yichen Huang; Zachary Novack; Koichi Saito; Jiatong Shi; Shinji Watanabe; Yuki Mitsufuji; John Thickstun; Chris Donahue
2025-07-15 13:20:45,014 - INFO -     저자 수: 8명
2025-07-15 13:20:45,014 - INFO - 
[96] ID: 316
2025-07-15 13:20:45,014 - INFO -     제목: The Rhythm in Anything: Audio Prompted Drums Generation with Masked Language Modeling
2025-07-15 13:20:45,015 - INFO -     저자: Patrick O'reilly; Julia Barnett; Hugo Flores Garcia; Annie Chu; Nathan Pruyne; Prem Seetharaman; Bryan Pardo
2025-07-15 13:20:45,015 - INFO -     저자 수: 7명
2025-07-15 13:20:45,015 - INFO - 
[97] ID: 321
2025-07-15 13:20:45,015 - INFO -     제목: The Jam Bot, a Real Time System for Collaborative Free Improvisation with Music Language Models
2025-07-15 13:20:45,015 - INFO -     저자: Lancelot Blanchard; Perry Naseck; Stephen Brade; Kimaya Lecamwasam; Jordan Rudess; Cheng Zhi Anna Huang; Joseph Paradiso
2025-07-15 13:20:45,015 - INFO -     저자 수: 7명
2025-07-15 13:20:45,016 - INFO - 
[98] ID: 339
2025-07-15 13:20:45,016 - INFO -     제목: Exploring System Adaptations for Minimum Latency Real Time Piano Transcription
2025-07-15 13:20:45,016 - INFO -     저자: Patricia Hu; Silvan David Peter; Jan Schlüter; Gerhard Widmer
2025-07-15 13:20:45,016 - INFO -     저자 수: 4명
2025-07-15 13:20:45,016 - INFO - 
================================================================================
2025-07-15 13:20:45,016 - INFO - 🔧 91-98번 논문 원본 vs 정리된 저자명 비교:
2025-07-15 13:20:45,017 - INFO - 
📄 ID 298:
2025-07-15 13:20:45,017 - INFO -    원본: David Marttila, Joshua D. Reiss / Centre for Digital Music, Queen Mary University of London / d.sudh...
2025-07-15 13:20:45,018 - INFO -    정리: David Marttila; Joshua D. Reiss
2025-07-15 13:20:45,018 - INFO -    저자 수: 2명
2025-07-15 13:20:45,018 - INFO - 
📄 ID 300:
2025-07-15 13:20:45,018 - INFO -    원본: Richa Namballa / New York University / rn2214@nyu.edu / Agnieszka Roginska / New York University / a...
2025-07-15 13:20:45,018 - INFO -    정리: Richa Namballa; Agnieszka Roginska; Magdalena Fuentes
2025-07-15 13:20:45,019 - INFO -    저자 수: 3명
2025-07-15 13:20:45,019 - INFO - 
📄 ID 308:
2025-07-15 13:20:45,019 - INFO -    원본: Yongyi Zang1 / Sean O’Brien2 / Taylor Berg-Kirkpatrick2 / Julian McAuley2 / Zachary Novack2 / 1Indep...
2025-07-15 13:20:45,019 - INFO -    정리: Yongyi Zang; Sean O'brien; Taylor Berg Kirkpatrick; Julian Mcauley; Zachary Novack
2025-07-15 13:20:45,019 - INFO -    저자 수: 5명
2025-07-15 13:20:45,019 - INFO - 
📄 ID 312:
2025-07-15 13:20:45,019 - INFO -    원본: Aditya Bhattacharjee1 / Ivan Meresman Higgs1 / Mark Sandler1 / Emmanouil Benetos1 / 1 Queen Mary Uni...
2025-07-15 13:20:45,021 - INFO -    정리: Aditya Bhattacharjee; Ivan Meresman Higgs; Mark Sandler; Emmanouil Benetos
2025-07-15 13:20:45,021 - INFO -    저자 수: 4명
2025-07-15 13:20:45,021 - INFO - 
📄 ID 314:
2025-07-15 13:20:45,021 - INFO -    원본: Yichen Huang1 / Zachary Novack2 / Koichi Saito3 / Jiatong Shi1 / Shinji Watanabe1 / Yuki Mitsufuji3 ...
2025-07-15 13:20:45,021 - INFO -    정리: Yichen Huang; Zachary Novack; Koichi Saito; Jiatong Shi; Shinji Watanabe; Yuki Mitsufuji; John Thickstun; Chris Donahue
2025-07-15 13:20:45,021 - INFO -    저자 수: 8명
2025-07-15 13:20:45,021 - INFO - 
📄 ID 316:
2025-07-15 13:20:45,022 - INFO -    원본: Patrick O’Reilly1 / Julia Barnett1 / Hugo Flores Garcia1 / Annie Chu1 / Nathan Pruyne1 / Prem Seetha...
2025-07-15 13:20:45,022 - INFO -    정리: Patrick O'reilly; Julia Barnett; Hugo Flores Garcia; Annie Chu; Nathan Pruyne; Prem Seetharaman; Bryan Pardo
2025-07-15 13:20:45,022 - INFO -    저자 수: 7명
2025-07-15 13:20:45,022 - INFO - 
📄 ID 321:
2025-07-15 13:20:45,023 - INFO -    원본: Lancelot Blanchard1,∗ / Perry Naseck1,∗ / Stephen Brade2 / Kimaya Lecamwasam1 / Jordan Rudess1,3,♯ /...
2025-07-15 13:20:45,023 - INFO -    정리: Lancelot Blanchard; Perry Naseck; Stephen Brade; Kimaya Lecamwasam; Jordan Rudess; Cheng Zhi Anna Huang; Joseph Paradiso
2025-07-15 13:20:45,023 - INFO -    저자 수: 7명
2025-07-15 13:20:45,023 - INFO - 
📄 ID 339:
2025-07-15 13:20:45,024 - INFO -    원본: Patricia Hu1 / Silvan David Peter1 / Jan Schlüter1 / Gerhard Widmer1,2 / 1 Institute of Computationa...
2025-07-15 13:20:45,024 - INFO -    정리: Patricia Hu; Silvan David Peter; Jan Schlüter; Gerhard Widmer
2025-07-15 13:20:45,024 - INFO -    저자 수: 4명
2025-07-15 13:20:45,024 - INFO - ================================================================================
2025-07-15 13:20:45,024 - INFO - 🎉 모든 98개 논문 처리가 성공적으로 완료되었습니다!
2025-07-15 13:20:45,025 - INFO - 📄 결과 파일: public/AcceptedPapers.json
2025-07-15 13:20:45,025 - INFO - 📊 총 처리된 논문: 98개
2025-07-15 13:20:45,025 - INFO - 📊 총 저자 수: 407명
